Arguments: 
  C:\Program Files\nodejs\node.exe C:\Users\TECHCARE\AppData\Roaming\npm\node_modules\yarn\bin\yarn.js add --dev @tsconfig/react-native @types/jest @types/react @types/react-test-renderer typescript

PATH: 
  C:\Program Files\Common Files\Oracle\Java\javapath;C:\Python27\;C:\Python27\Scripts;C:\Program Files (x86)\Common Files\Oracle\Java\javapath;C:\WINDOWS\system32;C:\WINDOWS;C:\WINDOWS\System32\Wbem;C:\WINDOWS\System32\WindowsPowerShell\v1.0\;C:\WINDOWS\System32\OpenSSH\;C:\Program Files\Microsoft SQL Server\Client SDK\ODBC\170\Tools\Binn\;C:\Program Files (x86)\Microsoft SQL Server\150\Tools\Binn\;C:\Program Files\Microsoft SQL Server\150\Tools\Binn\;C:\Program Files\Microsoft SQL Server\150\DTS\Binn\;C:\Program Files (x86)\Microsoft SQL Server\150\DTS\Binn\;C:\Program Files\dotnet\;C:\Program Files (x86)\FFAIO\bin;C:\ProgramData\chocolatey\bin;C:\Program Files\Java\jdk-11.0.16\bin;C:\Program Files\nodejs\;C:\Program Files (x86)\dotnet\;C:\Program Files\Git\cmd;C:\Program Files\MongoDB\Server\6.0\bin;D:\WorkSpaceD\.JAVA\IntelliJ\IntelliJ IDEA Community Edition 2022.3\plugins\maven\lib\maven3\bin;;C:\Program Files\Docker\Docker\resources\bin;C:\Users\TECHCARE\AppData\Local\Microsoft\WindowsApps;C:\Program Files\Java\jdk-11.0.16\bin;C:\Program Files\Azure Data Studio\bin;C:\Program Files\Java\jdk-11.0.16\bin;C:\Program Files\JetBrains\IntelliJ IDEA 2022.1.4\bin;;C:\Users\TECHCARE\AppData\Local\Android\Sdk\platform-tools;D:\flutter\bin;C:\Users\TECHCARE\AppData\Roaming\npm;C:\Program Files\OpenSSL-Win64\bin;D:\WorkSpaceD\.JAVA\IntelliJ\IntelliJ IDEA Community Edition 2022.3\bin;;C:\Users\TECHCARE\AppData\Local\GitHubDesktop\bin;C:\Program Files\heroku\bin;D:\heroku\bin;C:\Users\TECHCARE\AppData\Local\Programs\Microsoft VS Code\bin

Yarn version: 
  1.22.19

Node version: 
  16.17.1

Platform: 
  win32 x64

Trace: 
  Error: UNKNOWN: unknown error, copyfile 'C:\Users\TECHCARE\AppData\Local\Yarn\Cache\v6\npm-lodash-4.17.21-679591c564c3bffaae8454cf0b3df370c3d6911c-integrity\node_modules\lodash\_baseConforms.js' -> 'D:\WorkSpaceD\INSTAKILOGRAM\mobile\node_modules\lodash\_baseConforms.js'

npm manifest: 
  {
    "name": "mobile",
    "version": "1.0.0",
    "main": "node_modules/expo/AppEntry.js",
    "scripts": {
      "start": "expo start",
      "android": "expo start --android",
      "ios": "expo start --ios",
      "web": "expo start --web"
    },
    "dependencies": {
      "expo": "~48.0.15",
      "expo-status-bar": "~1.4.4",
      "react": "18.2.0",
      "react-native": "0.71.7"
    },
    "devDependencies": {
      "@babel/core": "^7.20.0"
    },
    "private": true
  }

yarn manifest: 
  No manifest

Lockfile: 
  No lockfile
